2023-04-12 23:28:12,303 INFO org.springframework.test.context.support.AbstractTestContextBootstrapper [main] Neither @ContextConfiguration nor @ContextHierarchy found for test class [com.shruteekatech.ecommerce.servicetest.ServiceImplTest], using SpringBootContextLoader
2023-04-12 23:28:12,324 INFO org.springframework.test.context.support.AbstractContextLoader [main] Could not detect default resource locations for test class [com.shruteekatech.ecommerce.servicetest.ServiceImplTest]: no resource found for suffixes {-context.xml, Context.groovy}.
2023-04-12 23:28:12,328 INFO org.springframework.test.context.support.AnnotationConfigContextLoaderUtils [main] Could not detect default configuration classes for test class [com.shruteekatech.ecommerce.servicetest.ServiceImplTest]: ServiceImplTest does not declare any static, non-private, non-final, nested classes annotated with @Configuration.
2023-04-12 23:28:12,705 INFO org.springframework.boot.test.context.SpringBootTestContextBootstrapper [main] Found @SpringBootConfiguration com.shruteekatech.ecommerce.ElectronicStoredApplication for test class com.shruteekatech.ecommerce.servicetest.ServiceImplTest
2023-04-12 23:28:12,997 INFO org.springframework.test.context.support.AbstractTestContextBootstrapper [main] Loaded default TestExecutionListener class names from location [META-INF/spring.factories]: [org.springframework.boot.test.mock.mockito.MockitoTestExecutionListener, org.springframework.boot.test.mock.mockito.ResetMocksTestExecutionListener, org.springframework.boot.test.autoconfigure.restdocs.RestDocsTestExecutionListener, org.springframework.boot.test.autoconfigure.web.client.MockRestServiceServerResetTestExecutionListener, org.springframework.boot.test.autoconfigure.web.servlet.MockMvcPrintOnlyOnFailureTestExecutionListener, org.springframework.boot.test.autoconfigure.web.servlet.WebDriverTestExecutionListener, org.springframework.boot.test.autoconfigure.webservices.client.MockWebServiceServerTestExecutionListener, org.springframework.test.context.web.ServletTestExecutionListener, org.springframework.test.context.support.DirtiesContextBeforeModesTestExecutionListener, org.springframework.test.context.event.ApplicationEventsTestExecutionListener, org.springframework.test.context.support.DependencyInjectionTestExecutionListener, org.springframework.test.context.support.DirtiesContextTestExecutionListener, org.springframework.test.context.transaction.TransactionalTestExecutionListener, org.springframework.test.context.jdbc.SqlScriptsTestExecutionListener, org.springframework.test.context.event.EventPublishingTestExecutionListener]
2023-04-12 23:28:13,035 INFO org.springframework.test.context.support.AbstractTestContextBootstrapper [main] Using TestExecutionListeners: [org.springframework.test.context.web.ServletTestExecutionListener@2371aaca, org.springframework.test.context.support.DirtiesContextBeforeModesTestExecutionListener@5b529706, org.springframework.test.context.event.ApplicationEventsTestExecutionListener@63fdab07, org.springframework.boot.test.mock.mockito.MockitoTestExecutionListener@7b5a12ae, org.springframework.boot.test.autoconfigure.SpringBootDependencyInjectionTestExecutionListener@5553d0f5, org.springframework.test.context.support.DirtiesContextTestExecutionListener@1af687fe, org.springframework.test.context.transaction.TransactionalTestExecutionListener@14dda234, org.springframework.test.context.jdbc.SqlScriptsTestExecutionListener@3f390d63, org.springframework.test.context.event.EventPublishingTestExecutionListener@74a6a609, org.springframework.boot.test.mock.mockito.ResetMocksTestExecutionListener@5a411614, org.springframework.boot.test.autoconfigure.restdocs.RestDocsTestExecutionListener@2374d36a, org.springframework.boot.test.autoconfigure.web.client.MockRestServiceServerResetTestExecutionListener@54d18072, org.springframework.boot.test.autoconfigure.web.servlet.MockMvcPrintOnlyOnFailureTestExecutionListener@1506f20f, org.springframework.boot.test.autoconfigure.web.servlet.WebDriverTestExecutionListener@47a5b70d, org.springframework.boot.test.autoconfigure.webservices.client.MockWebServiceServerTestExecutionListener@424fd310]
2023-04-12 23:28:13,968 INFO org.springframework.boot.StartupInfoLogger [main] Starting ServiceImplTest using Java 17.0.4 on DESKTOP-HE75IJA with PID 2256 (started by Genius Computer in F:\Bikkadit\MajorProject\ElectronicStored\src\main\resources)
2023-04-12 23:28:13,970 INFO org.springframework.boot.SpringApplication [main] The following 1 profile is active: "dev"
2023-04-12 23:28:13,998 INFO org.hibernate.validator.internal.util.Version [background-preinit] HV000001: Hibernate Validator 6.2.5.Final
2023-04-12 23:28:15,828 INFO org.springframework.data.repository.config.RepositoryConfigurationDelegate [main] Bootstrapping Spring Data JPA repositories in DEFAULT mode.
2023-04-12 23:28:15,990 INFO org.springframework.data.repository.config.RepositoryConfigurationDelegate [main] Finished Spring Data repository scanning in 125 ms. Found 3 JPA repository interfaces.
2023-04-12 23:28:18,809 INFO org.hibernate.jpa.internal.util.LogHelper [main] HHH000204: Processing PersistenceUnitInfo [name: default]
2023-04-12 23:28:18,979 INFO org.hibernate.Version [main] HHH000412: Hibernate ORM core version 5.6.15.Final
2023-04-12 23:28:19,106 INFO org.hibernate.annotations.common.reflection.java.JavaReflectionManager [main] HCANN000001: Hibernate Commons Annotations {5.1.2.Final}
2023-04-12 23:28:19,403 INFO com.zaxxer.hikari.HikariDataSource [main] HikariPool-1 - Starting...
2023-04-12 23:28:20,140 INFO com.zaxxer.hikari.HikariDataSource [main] HikariPool-1 - Start completed.
2023-04-12 23:28:20,171 INFO org.hibernate.dialect.Dialect [main] HHH000400: Using dialect: org.hibernate.dialect.MySQL8Dialect
2023-04-12 23:28:21,586 INFO org.hibernate.engine.transaction.jta.platform.internal.JtaPlatformInitiator [main] HHH000490: Using JtaPlatform implementation: [org.hibernate.engine.transaction.jta.platform.internal.NoJtaPlatform]
2023-04-12 23:28:21,602 INFO org.springframework.orm.jpa.AbstractEntityManagerFactoryBean [main] Initialized JPA EntityManagerFactory for persistence unit 'default'
2023-04-12 23:28:23,088 WARN org.springframework.boot.autoconfigure.orm.jpa.JpaBaseConfiguration$JpaWebConfiguration [main] spring.jpa.open-in-view is enabled by default. Therefore, database queries may be performed during view rendering. Explicitly configure spring.jpa.open-in-view to disable this warning
2023-04-12 23:28:24,503 INFO org.springframework.boot.StartupInfoLogger [main] Started ServiceImplTest in 11.356 seconds (JVM running for 14.37)
2023-04-12 23:28:24,636 INFO com.shruteekatech.ecommerce.service.impl.UserServiceimpl [main] Initiating dao call to update the user data with userId:1
2023-04-12 23:28:24,645 INFO com.shruteekatech.ecommerce.service.impl.UserServiceimpl [main] Completed dao call to update the user data with userId:1
2023-04-12 23:28:24,742 INFO com.shruteekatech.ecommerce.service.impl.UserServiceimpl [main] Initiating dao call to Save the user data
2023-04-12 23:28:24,747 INFO com.shruteekatech.ecommerce.service.impl.UserServiceimpl [main] Completed dao call to Save the user data
2023-04-12 23:28:24,780 INFO com.shruteekatech.ecommerce.service.impl.UserServiceimpl [main] Initiating dao call to get the All users data 
2023-04-12 23:28:24,800 INFO com.shruteekatech.ecommerce.service.impl.UserServiceimpl [main] Completed dao call to get the All users data 
2023-04-12 23:28:24,818 INFO com.shruteekatech.ecommerce.service.impl.UserServiceimpl [main] Initiating dao call to delete the user data with userId:1
2023-04-12 23:28:24,821 INFO com.shruteekatech.ecommerce.service.impl.UserServiceimpl [main] User image not found in folder
2023-04-12 23:28:24,829 INFO com.shruteekatech.ecommerce.service.impl.UserServiceimpl [main] Completed dao call to delete the user data with userId:1
2023-04-12 23:28:25,007 INFO org.springframework.orm.jpa.AbstractEntityManagerFactoryBean [SpringApplicationShutdownHook] Closing JPA EntityManagerFactory for persistence unit 'default'
2023-04-12 23:28:25,012 INFO com.zaxxer.hikari.HikariDataSource [SpringApplicationShutdownHook] HikariPool-1 - Shutdown initiated...
2023-04-12 23:28:25,047 INFO com.zaxxer.hikari.HikariDataSource [SpringApplicationShutdownHook] HikariPool-1 - Shutdown completed.
